method = sample (Default)
  sample
    num_samples = 2500
    num_warmup = 10000
    save_warmup = 0 (Default)
    thin = 1 (Default)
    adapt
      engaged = 1 (Default)
      gamma = 0.050000000000000003 (Default)
      delta = 0.80000000000000004 (Default)
      kappa = 0.75 (Default)
      t0 = 10 (Default)
      init_buffer = 75 (Default)
      term_buffer = 50 (Default)
      window = 25 (Default)
    algorithm = hmc (Default)
      hmc
        engine = nuts (Default)
          nuts
            max_depth = 10 (Default)
        metric = diag_e (Default)
        metric_file =  (Default)
        stepsize = 1 (Default)
        stepsize_jitter = 0 (Default)
    num_chains = 4
id = 1 (Default)
data
  file = /Users/ddifrancesco/Github/IMAC_XLII/tmp/AnnexJ_data_1.json
init = 2 (Default)
random
  seed = 4179057733 (Default)
output
  file = /Users/ddifrancesco/Github/IMAC_XLII/tmp/AnnexJ_chain.csv
  diagnostic_file =  (Default)
  refresh = 100 (Default)
  sig_figs = 6
  profile_file = profile.csv (Default)
num_threads = 1 (Default)


Gradient evaluation took 2.9e-05 seconds
1000 transitions using 10 leapfrog steps per transition would take 0.29 seconds.
Adjust your expectations accordingly!



Gradient evaluation took 2e-06 seconds
1000 transitions using 10 leapfrog steps per transition would take 0.02 seconds.
Adjust your expectations accordingly!



Gradient evaluation took 2e-06 seconds
1000 transitions using 10 leapfrog steps per transition would take 0.02 seconds.
Adjust your expectations accordingly!



Gradient evaluation took 2e-06 seconds
1000 transitions using 10 leapfrog steps per transition would take 0.02 seconds.
Adjust your expectations accordingly!


Chain [1] Iteration:     1 / 12500 [  0%]  (Warmup)
Chain [1] Iteration:   100 / 12500 [  0%]  (Warmup)
Chain [1] Iteration:   200 / 12500 [  1%]  (Warmup)
Chain [1] Iteration:   300 / 12500 [  2%]  (Warmup)
Chain [1] Iteration:   400 / 12500 [  3%]  (Warmup)
Chain [1] Iteration:   500 / 12500 [  4%]  (Warmup)
Chain [1] Iteration:   600 / 12500 [  4%]  (Warmup)
Chain [1] Iteration:   700 / 12500 [  5%]  (Warmup)
Chain [1] Iteration:   800 / 12500 [  6%]  (Warmup)
Chain [1] Iteration:   900 / 12500 [  7%]  (Warmup)
Chain [1] Iteration:  1000 / 12500 [  8%]  (Warmup)
Chain [1] Iteration:  1100 / 12500 [  8%]  (Warmup)
Chain [1] Iteration:  1200 / 12500 [  9%]  (Warmup)
Chain [1] Iteration:  1300 / 12500 [ 10%]  (Warmup)
Chain [1] Iteration:  1400 / 12500 [ 11%]  (Warmup)
Chain [1] Iteration:  1500 / 12500 [ 12%]  (Warmup)
Chain [1] Iteration:  1600 / 12500 [ 12%]  (Warmup)
Chain [1] Iteration:  1700 / 12500 [ 13%]  (Warmup)
Chain [1] Iteration:  1800 / 12500 [ 14%]  (Warmup)
Chain [1] Iteration:  1900 / 12500 [ 15%]  (Warmup)
Chain [1] Iteration:  2000 / 12500 [ 16%]  (Warmup)
Chain [1] Iteration:  2100 / 12500 [ 16%]  (Warmup)
Chain [1] Iteration:  2200 / 12500 [ 17%]  (Warmup)
Chain [1] Iteration:  2300 / 12500 [ 18%]  (Warmup)
Chain [1] Iteration:  2400 / 12500 [ 19%]  (Warmup)
Chain [1] Iteration:  2500 / 12500 [ 20%]  (Warmup)
Chain [1] Iteration:  2600 / 12500 [ 20%]  (Warmup)
Chain [1] Iteration:  2700 / 12500 [ 21%]  (Warmup)
Chain [1] Iteration:  2800 / 12500 [ 22%]  (Warmup)
Chain [1] Iteration:  2900 / 12500 [ 23%]  (Warmup)
Chain [1] Iteration:  3000 / 12500 [ 24%]  (Warmup)
Chain [1] Iteration:  3100 / 12500 [ 24%]  (Warmup)
Chain [1] Iteration:  3200 / 12500 [ 25%]  (Warmup)
Chain [1] Iteration:  3300 / 12500 [ 26%]  (Warmup)
Chain [1] Iteration:  3400 / 12500 [ 27%]  (Warmup)
Chain [1] Iteration:  3500 / 12500 [ 28%]  (Warmup)
Chain [1] Iteration:  3600 / 12500 [ 28%]  (Warmup)
Chain [1] Iteration:  3700 / 12500 [ 29%]  (Warmup)
Chain [1] Iteration:  3800 / 12500 [ 30%]  (Warmup)
Chain [1] Iteration:  3900 / 12500 [ 31%]  (Warmup)
Chain [1] Iteration:  4000 / 12500 [ 32%]  (Warmup)
Chain [1] Iteration:  4100 / 12500 [ 32%]  (Warmup)
Chain [1] Iteration:  4200 / 12500 [ 33%]  (Warmup)
Chain [1] Iteration:  4300 / 12500 [ 34%]  (Warmup)
Chain [1] Iteration:  4400 / 12500 [ 35%]  (Warmup)
Chain [1] Iteration:  4500 / 12500 [ 36%]  (Warmup)
Chain [1] Iteration:  4600 / 12500 [ 36%]  (Warmup)
Chain [1] Iteration:  4700 / 12500 [ 37%]  (Warmup)
Chain [1] Iteration:  4800 / 12500 [ 38%]  (Warmup)
Chain [1] Iteration:  4900 / 12500 [ 39%]  (Warmup)
Chain [1] Iteration:  5000 / 12500 [ 40%]  (Warmup)
Chain [1] Iteration:  5100 / 12500 [ 40%]  (Warmup)
Chain [1] Iteration:  5200 / 12500 [ 41%]  (Warmup)
Chain [1] Iteration:  5300 / 12500 [ 42%]  (Warmup)
Chain [1] Iteration:  5400 / 12500 [ 43%]  (Warmup)
Chain [1] Iteration:  5500 / 12500 [ 44%]  (Warmup)
Chain [1] Iteration:  5600 / 12500 [ 44%]  (Warmup)
Chain [1] Iteration:  5700 / 12500 [ 45%]  (Warmup)
Chain [1] Iteration:  5800 / 12500 [ 46%]  (Warmup)
Chain [1] Iteration:  5900 / 12500 [ 47%]  (Warmup)
Chain [1] Iteration:  6000 / 12500 [ 48%]  (Warmup)
Chain [1] Iteration:  6100 / 12500 [ 48%]  (Warmup)
Chain [1] Iteration:  6200 / 12500 [ 49%]  (Warmup)
Chain [1] Iteration:  6300 / 12500 [ 50%]  (Warmup)
Chain [1] Iteration:  6400 / 12500 [ 51%]  (Warmup)
Chain [1] Iteration:  6500 / 12500 [ 52%]  (Warmup)
Chain [1] Iteration:  6600 / 12500 [ 52%]  (Warmup)
Chain [1] Iteration:  6700 / 12500 [ 53%]  (Warmup)
Chain [1] Iteration:  6800 / 12500 [ 54%]  (Warmup)
Chain [1] Iteration:  6900 / 12500 [ 55%]  (Warmup)
Chain [1] Iteration:  7000 / 12500 [ 56%]  (Warmup)
Chain [1] Iteration:  7100 / 12500 [ 56%]  (Warmup)
Chain [1] Iteration:  7200 / 12500 [ 57%]  (Warmup)
Chain [1] Iteration:  7300 / 12500 [ 58%]  (Warmup)
Chain [1] Iteration:  7400 / 12500 [ 59%]  (Warmup)
Chain [1] Iteration:  7500 / 12500 [ 60%]  (Warmup)
Chain [1] Iteration:  7600 / 12500 [ 60%]  (Warmup)
Chain [1] Iteration:  7700 / 12500 [ 61%]  (Warmup)
Chain [1] Iteration:  7800 / 12500 [ 62%]  (Warmup)
Chain [1] Iteration:  7900 / 12500 [ 63%]  (Warmup)
Chain [1] Iteration:  8000 / 12500 [ 64%]  (Warmup)
Chain [1] Iteration:  8100 / 12500 [ 64%]  (Warmup)
Chain [1] Iteration:  8200 / 12500 [ 65%]  (Warmup)
Chain [1] Iteration:  8300 / 12500 [ 66%]  (Warmup)
Chain [1] Iteration:  8400 / 12500 [ 67%]  (Warmup)
Chain [1] Iteration:  8500 / 12500 [ 68%]  (Warmup)
Chain [1] Iteration:  8600 / 12500 [ 68%]  (Warmup)
Chain [1] Iteration:  8700 / 12500 [ 69%]  (Warmup)
Chain [1] Iteration:  8800 / 12500 [ 70%]  (Warmup)
Chain [1] Iteration:  8900 / 12500 [ 71%]  (Warmup)
Chain [1] Iteration:  9000 / 12500 [ 72%]  (Warmup)
Chain [1] Iteration:  9100 / 12500 [ 72%]  (Warmup)
Chain [1] Iteration:  9200 / 12500 [ 73%]  (Warmup)
Chain [1] Iteration:  9300 / 12500 [ 74%]  (Warmup)
Chain [1] Iteration:  9400 / 12500 [ 75%]  (Warmup)
Chain [1] Iteration:  9500 / 12500 [ 76%]  (Warmup)
Chain [1] Iteration:  9600 / 12500 [ 76%]  (Warmup)
Chain [1] Iteration:  9700 / 12500 [ 77%]  (Warmup)
Chain [1] Iteration:  9800 / 12500 [ 78%]  (Warmup)
Chain [1] Iteration:  9900 / 12500 [ 79%]  (Warmup)
Chain [1] Iteration: 10000 / 12500 [ 80%]  (Warmup)
Chain [1] Iteration: 10001 / 12500 [ 80%]  (Sampling)
Chain [1] Iteration: 10100 / 12500 [ 80%]  (Sampling)
Chain [1] Iteration: 10200 / 12500 [ 81%]  (Sampling)
Chain [1] Iteration: 10300 / 12500 [ 82%]  (Sampling)
Chain [1] Iteration: 10400 / 12500 [ 83%]  (Sampling)
Chain [1] Iteration: 10500 / 12500 [ 84%]  (Sampling)
Chain [1] Iteration: 10600 / 12500 [ 84%]  (Sampling)
Chain [1] Iteration: 10700 / 12500 [ 85%]  (Sampling)
Chain [1] Iteration: 10800 / 12500 [ 86%]  (Sampling)
Chain [1] Iteration: 10900 / 12500 [ 87%]  (Sampling)
Chain [1] Iteration: 11000 / 12500 [ 88%]  (Sampling)
Chain [1] Iteration: 11100 / 12500 [ 88%]  (Sampling)
Chain [1] Iteration: 11200 / 12500 [ 89%]  (Sampling)
Chain [1] Iteration: 11300 / 12500 [ 90%]  (Sampling)
Chain [1] Iteration: 11400 / 12500 [ 91%]  (Sampling)
Chain [1] Iteration: 11500 / 12500 [ 92%]  (Sampling)
Chain [1] Iteration: 11600 / 12500 [ 92%]  (Sampling)
Chain [1] Iteration: 11700 / 12500 [ 93%]  (Sampling)
Chain [1] Iteration: 11800 / 12500 [ 94%]  (Sampling)
Chain [1] Iteration: 11900 / 12500 [ 95%]  (Sampling)
Chain [1] Iteration: 12000 / 12500 [ 96%]  (Sampling)
Chain [1] Iteration: 12100 / 12500 [ 96%]  (Sampling)
Chain [1] Iteration: 12200 / 12500 [ 97%]  (Sampling)
Chain [1] Iteration: 12300 / 12500 [ 98%]  (Sampling)
Chain [1] Iteration: 12400 / 12500 [ 99%]  (Sampling)
Chain [1] Iteration: 12500 / 12500 [100%]  (Sampling)

 Elapsed Time: 0.101 seconds (Warm-up)
               0.061 seconds (Sampling)
               0.162 seconds (Total)

Chain [2] Iteration:     1 / 12500 [  0%]  (Warmup)
Chain [2] Iteration:   100 / 12500 [  0%]  (Warmup)
Chain [2] Iteration:   200 / 12500 [  1%]  (Warmup)
Chain [2] Iteration:   300 / 12500 [  2%]  (Warmup)
Chain [2] Iteration:   400 / 12500 [  3%]  (Warmup)
Chain [2] Iteration:   500 / 12500 [  4%]  (Warmup)
Chain [2] Iteration:   600 / 12500 [  4%]  (Warmup)
Chain [2] Iteration:   700 / 12500 [  5%]  (Warmup)
Chain [2] Iteration:   800 / 12500 [  6%]  (Warmup)
Chain [2] Iteration:   900 / 12500 [  7%]  (Warmup)
Chain [2] Iteration:  1000 / 12500 [  8%]  (Warmup)
Chain [2] Iteration:  1100 / 12500 [  8%]  (Warmup)
Chain [2] Iteration:  1200 / 12500 [  9%]  (Warmup)
Chain [2] Iteration:  1300 / 12500 [ 10%]  (Warmup)
Chain [2] Iteration:  1400 / 12500 [ 11%]  (Warmup)
Chain [2] Iteration:  1500 / 12500 [ 12%]  (Warmup)
Chain [2] Iteration:  1600 / 12500 [ 12%]  (Warmup)
Chain [2] Iteration:  1700 / 12500 [ 13%]  (Warmup)
Chain [2] Iteration:  1800 / 12500 [ 14%]  (Warmup)
Chain [2] Iteration:  1900 / 12500 [ 15%]  (Warmup)
Chain [2] Iteration:  2000 / 12500 [ 16%]  (Warmup)
Chain [2] Iteration:  2100 / 12500 [ 16%]  (Warmup)
Chain [2] Iteration:  2200 / 12500 [ 17%]  (Warmup)
Chain [2] Iteration:  2300 / 12500 [ 18%]  (Warmup)
Chain [2] Iteration:  2400 / 12500 [ 19%]  (Warmup)
Chain [2] Iteration:  2500 / 12500 [ 20%]  (Warmup)
Chain [2] Iteration:  2600 / 12500 [ 20%]  (Warmup)
Chain [2] Iteration:  2700 / 12500 [ 21%]  (Warmup)
Chain [2] Iteration:  2800 / 12500 [ 22%]  (Warmup)
Chain [2] Iteration:  2900 / 12500 [ 23%]  (Warmup)
Chain [2] Iteration:  3000 / 12500 [ 24%]  (Warmup)
Chain [2] Iteration:  3100 / 12500 [ 24%]  (Warmup)
Chain [2] Iteration:  3200 / 12500 [ 25%]  (Warmup)
Chain [2] Iteration:  3300 / 12500 [ 26%]  (Warmup)
Chain [2] Iteration:  3400 / 12500 [ 27%]  (Warmup)
Chain [2] Iteration:  3500 / 12500 [ 28%]  (Warmup)
Chain [2] Iteration:  3600 / 12500 [ 28%]  (Warmup)
Chain [2] Iteration:  3700 / 12500 [ 29%]  (Warmup)
Chain [2] Iteration:  3800 / 12500 [ 30%]  (Warmup)
Chain [2] Iteration:  3900 / 12500 [ 31%]  (Warmup)
Chain [2] Iteration:  4000 / 12500 [ 32%]  (Warmup)
Chain [2] Iteration:  4100 / 12500 [ 32%]  (Warmup)
Chain [2] Iteration:  4200 / 12500 [ 33%]  (Warmup)
Chain [2] Iteration:  4300 / 12500 [ 34%]  (Warmup)
Chain [2] Iteration:  4400 / 12500 [ 35%]  (Warmup)
Chain [2] Iteration:  4500 / 12500 [ 36%]  (Warmup)
Chain [2] Iteration:  4600 / 12500 [ 36%]  (Warmup)
Chain [2] Iteration:  4700 / 12500 [ 37%]  (Warmup)
Chain [2] Iteration:  4800 / 12500 [ 38%]  (Warmup)
Chain [2] Iteration:  4900 / 12500 [ 39%]  (Warmup)
Chain [2] Iteration:  5000 / 12500 [ 40%]  (Warmup)
Chain [2] Iteration:  5100 / 12500 [ 40%]  (Warmup)
Chain [2] Iteration:  5200 / 12500 [ 41%]  (Warmup)
Chain [2] Iteration:  5300 / 12500 [ 42%]  (Warmup)
Chain [2] Iteration:  5400 / 12500 [ 43%]  (Warmup)
Chain [2] Iteration:  5500 / 12500 [ 44%]  (Warmup)
Chain [2] Iteration:  5600 / 12500 [ 44%]  (Warmup)
Chain [2] Iteration:  5700 / 12500 [ 45%]  (Warmup)
Chain [2] Iteration:  5800 / 12500 [ 46%]  (Warmup)
Chain [2] Iteration:  5900 / 12500 [ 47%]  (Warmup)
Chain [2] Iteration:  6000 / 12500 [ 48%]  (Warmup)
Chain [2] Iteration:  6100 / 12500 [ 48%]  (Warmup)
Chain [2] Iteration:  6200 / 12500 [ 49%]  (Warmup)
Chain [2] Iteration:  6300 / 12500 [ 50%]  (Warmup)
Chain [2] Iteration:  6400 / 12500 [ 51%]  (Warmup)
Chain [2] Iteration:  6500 / 12500 [ 52%]  (Warmup)
Chain [2] Iteration:  6600 / 12500 [ 52%]  (Warmup)
Chain [2] Iteration:  6700 / 12500 [ 53%]  (Warmup)
Chain [2] Iteration:  6800 / 12500 [ 54%]  (Warmup)
Chain [2] Iteration:  6900 / 12500 [ 55%]  (Warmup)
Chain [2] Iteration:  7000 / 12500 [ 56%]  (Warmup)
Chain [2] Iteration:  7100 / 12500 [ 56%]  (Warmup)
Chain [2] Iteration:  7200 / 12500 [ 57%]  (Warmup)
Chain [2] Iteration:  7300 / 12500 [ 58%]  (Warmup)
Chain [2] Iteration:  7400 / 12500 [ 59%]  (Warmup)
Chain [2] Iteration:  7500 / 12500 [ 60%]  (Warmup)
Chain [2] Iteration:  7600 / 12500 [ 60%]  (Warmup)
Chain [2] Iteration:  7700 / 12500 [ 61%]  (Warmup)
Chain [2] Iteration:  7800 / 12500 [ 62%]  (Warmup)
Chain [2] Iteration:  7900 / 12500 [ 63%]  (Warmup)
Chain [2] Iteration:  8000 / 12500 [ 64%]  (Warmup)
Chain [2] Iteration:  8100 / 12500 [ 64%]  (Warmup)
Chain [2] Iteration:  8200 / 12500 [ 65%]  (Warmup)
Chain [2] Iteration:  8300 / 12500 [ 66%]  (Warmup)
Chain [2] Iteration:  8400 / 12500 [ 67%]  (Warmup)
Chain [2] Iteration:  8500 / 12500 [ 68%]  (Warmup)
Chain [2] Iteration:  8600 / 12500 [ 68%]  (Warmup)
Chain [2] Iteration:  8700 / 12500 [ 69%]  (Warmup)
Chain [2] Iteration:  8800 / 12500 [ 70%]  (Warmup)
Chain [2] Iteration:  8900 / 12500 [ 71%]  (Warmup)
Chain [2] Iteration:  9000 / 12500 [ 72%]  (Warmup)
Chain [2] Iteration:  9100 / 12500 [ 72%]  (Warmup)
Chain [2] Iteration:  9200 / 12500 [ 73%]  (Warmup)
Chain [2] Iteration:  9300 / 12500 [ 74%]  (Warmup)
Chain [2] Iteration:  9400 / 12500 [ 75%]  (Warmup)
Chain [2] Iteration:  9500 / 12500 [ 76%]  (Warmup)
Chain [2] Iteration:  9600 / 12500 [ 76%]  (Warmup)
Chain [2] Iteration:  9700 / 12500 [ 77%]  (Warmup)
Chain [2] Iteration:  9800 / 12500 [ 78%]  (Warmup)
Chain [2] Iteration:  9900 / 12500 [ 79%]  (Warmup)
Chain [2] Iteration: 10000 / 12500 [ 80%]  (Warmup)
Chain [2] Iteration: 10001 / 12500 [ 80%]  (Sampling)
Chain [2] Iteration: 10100 / 12500 [ 80%]  (Sampling)
Chain [2] Iteration: 10200 / 12500 [ 81%]  (Sampling)
Chain [2] Iteration: 10300 / 12500 [ 82%]  (Sampling)
Chain [2] Iteration: 10400 / 12500 [ 83%]  (Sampling)
Chain [2] Iteration: 10500 / 12500 [ 84%]  (Sampling)
Chain [2] Iteration: 10600 / 12500 [ 84%]  (Sampling)
Chain [2] Iteration: 10700 / 12500 [ 85%]  (Sampling)
Chain [2] Iteration: 10800 / 12500 [ 86%]  (Sampling)
Chain [2] Iteration: 10900 / 12500 [ 87%]  (Sampling)
Chain [2] Iteration: 11000 / 12500 [ 88%]  (Sampling)
Chain [2] Iteration: 11100 / 12500 [ 88%]  (Sampling)
Chain [2] Iteration: 11200 / 12500 [ 89%]  (Sampling)
Chain [2] Iteration: 11300 / 12500 [ 90%]  (Sampling)
Chain [2] Iteration: 11400 / 12500 [ 91%]  (Sampling)
Chain [2] Iteration: 11500 / 12500 [ 92%]  (Sampling)
Chain [2] Iteration: 11600 / 12500 [ 92%]  (Sampling)
Chain [2] Iteration: 11700 / 12500 [ 93%]  (Sampling)
Chain [2] Iteration: 11800 / 12500 [ 94%]  (Sampling)
Chain [2] Iteration: 11900 / 12500 [ 95%]  (Sampling)
Chain [2] Iteration: 12000 / 12500 [ 96%]  (Sampling)
Chain [2] Iteration: 12100 / 12500 [ 96%]  (Sampling)
Chain [2] Iteration: 12200 / 12500 [ 97%]  (Sampling)
Chain [2] Iteration: 12300 / 12500 [ 98%]  (Sampling)
Chain [2] Iteration: 12400 / 12500 [ 99%]  (Sampling)
Chain [2] Iteration: 12500 / 12500 [100%]  (Sampling)

 Elapsed Time: 0.101 seconds (Warm-up)
               0.066 seconds (Sampling)
               0.167 seconds (Total)

Chain [3] Iteration:     1 / 12500 [  0%]  (Warmup)
Chain [3] Iteration:   100 / 12500 [  0%]  (Warmup)
Chain [3] Iteration:   200 / 12500 [  1%]  (Warmup)
Chain [3] Iteration:   300 / 12500 [  2%]  (Warmup)
Chain [3] Iteration:   400 / 12500 [  3%]  (Warmup)
Chain [3] Iteration:   500 / 12500 [  4%]  (Warmup)
Chain [3] Iteration:   600 / 12500 [  4%]  (Warmup)
Chain [3] Iteration:   700 / 12500 [  5%]  (Warmup)
Chain [3] Iteration:   800 / 12500 [  6%]  (Warmup)
Chain [3] Iteration:   900 / 12500 [  7%]  (Warmup)
Chain [3] Iteration:  1000 / 12500 [  8%]  (Warmup)
Chain [3] Iteration:  1100 / 12500 [  8%]  (Warmup)
Chain [3] Iteration:  1200 / 12500 [  9%]  (Warmup)
Chain [3] Iteration:  1300 / 12500 [ 10%]  (Warmup)
Chain [3] Iteration:  1400 / 12500 [ 11%]  (Warmup)
Chain [3] Iteration:  1500 / 12500 [ 12%]  (Warmup)
Chain [3] Iteration:  1600 / 12500 [ 12%]  (Warmup)
Chain [3] Iteration:  1700 / 12500 [ 13%]  (Warmup)
Chain [3] Iteration:  1800 / 12500 [ 14%]  (Warmup)
Chain [3] Iteration:  1900 / 12500 [ 15%]  (Warmup)
Chain [3] Iteration:  2000 / 12500 [ 16%]  (Warmup)
Chain [3] Iteration:  2100 / 12500 [ 16%]  (Warmup)
Chain [3] Iteration:  2200 / 12500 [ 17%]  (Warmup)
Chain [3] Iteration:  2300 / 12500 [ 18%]  (Warmup)
Chain [3] Iteration:  2400 / 12500 [ 19%]  (Warmup)
Chain [3] Iteration:  2500 / 12500 [ 20%]  (Warmup)
Chain [3] Iteration:  2600 / 12500 [ 20%]  (Warmup)
Chain [3] Iteration:  2700 / 12500 [ 21%]  (Warmup)
Chain [3] Iteration:  2800 / 12500 [ 22%]  (Warmup)
Chain [3] Iteration:  2900 / 12500 [ 23%]  (Warmup)
Chain [3] Iteration:  3000 / 12500 [ 24%]  (Warmup)
Chain [3] Iteration:  3100 / 12500 [ 24%]  (Warmup)
Chain [3] Iteration:  3200 / 12500 [ 25%]  (Warmup)
Chain [3] Iteration:  3300 / 12500 [ 26%]  (Warmup)
Chain [3] Iteration:  3400 / 12500 [ 27%]  (Warmup)
Chain [3] Iteration:  3500 / 12500 [ 28%]  (Warmup)
Chain [3] Iteration:  3600 / 12500 [ 28%]  (Warmup)
Chain [3] Iteration:  3700 / 12500 [ 29%]  (Warmup)
Chain [3] Iteration:  3800 / 12500 [ 30%]  (Warmup)
Chain [3] Iteration:  3900 / 12500 [ 31%]  (Warmup)
Chain [3] Iteration:  4000 / 12500 [ 32%]  (Warmup)
Chain [3] Iteration:  4100 / 12500 [ 32%]  (Warmup)
Chain [3] Iteration:  4200 / 12500 [ 33%]  (Warmup)
Chain [3] Iteration:  4300 / 12500 [ 34%]  (Warmup)
Chain [3] Iteration:  4400 / 12500 [ 35%]  (Warmup)
Chain [3] Iteration:  4500 / 12500 [ 36%]  (Warmup)
Chain [3] Iteration:  4600 / 12500 [ 36%]  (Warmup)
Chain [3] Iteration:  4700 / 12500 [ 37%]  (Warmup)
Chain [3] Iteration:  4800 / 12500 [ 38%]  (Warmup)
Chain [3] Iteration:  4900 / 12500 [ 39%]  (Warmup)
Chain [3] Iteration:  5000 / 12500 [ 40%]  (Warmup)
Chain [3] Iteration:  5100 / 12500 [ 40%]  (Warmup)
Chain [3] Iteration:  5200 / 12500 [ 41%]  (Warmup)
Chain [3] Iteration:  5300 / 12500 [ 42%]  (Warmup)
Chain [3] Iteration:  5400 / 12500 [ 43%]  (Warmup)
Chain [3] Iteration:  5500 / 12500 [ 44%]  (Warmup)
Chain [3] Iteration:  5600 / 12500 [ 44%]  (Warmup)
Chain [3] Iteration:  5700 / 12500 [ 45%]  (Warmup)
Chain [3] Iteration:  5800 / 12500 [ 46%]  (Warmup)
Chain [3] Iteration:  5900 / 12500 [ 47%]  (Warmup)
Chain [3] Iteration:  6000 / 12500 [ 48%]  (Warmup)
Chain [3] Iteration:  6100 / 12500 [ 48%]  (Warmup)
Chain [3] Iteration:  6200 / 12500 [ 49%]  (Warmup)
Chain [3] Iteration:  6300 / 12500 [ 50%]  (Warmup)
Chain [3] Iteration:  6400 / 12500 [ 51%]  (Warmup)
Chain [3] Iteration:  6500 / 12500 [ 52%]  (Warmup)
Chain [3] Iteration:  6600 / 12500 [ 52%]  (Warmup)
Chain [3] Iteration:  6700 / 12500 [ 53%]  (Warmup)
Chain [3] Iteration:  6800 / 12500 [ 54%]  (Warmup)
Chain [3] Iteration:  6900 / 12500 [ 55%]  (Warmup)
Chain [3] Iteration:  7000 / 12500 [ 56%]  (Warmup)
Chain [3] Iteration:  7100 / 12500 [ 56%]  (Warmup)
Chain [3] Iteration:  7200 / 12500 [ 57%]  (Warmup)
Chain [3] Iteration:  7300 / 12500 [ 58%]  (Warmup)
Chain [3] Iteration:  7400 / 12500 [ 59%]  (Warmup)
Chain [3] Iteration:  7500 / 12500 [ 60%]  (Warmup)
Chain [3] Iteration:  7600 / 12500 [ 60%]  (Warmup)
Chain [3] Iteration:  7700 / 12500 [ 61%]  (Warmup)
Chain [3] Iteration:  7800 / 12500 [ 62%]  (Warmup)
Chain [3] Iteration:  7900 / 12500 [ 63%]  (Warmup)
Chain [3] Iteration:  8000 / 12500 [ 64%]  (Warmup)
Chain [3] Iteration:  8100 / 12500 [ 64%]  (Warmup)
Chain [3] Iteration:  8200 / 12500 [ 65%]  (Warmup)
Chain [3] Iteration:  8300 / 12500 [ 66%]  (Warmup)
Chain [3] Iteration:  8400 / 12500 [ 67%]  (Warmup)
Chain [3] Iteration:  8500 / 12500 [ 68%]  (Warmup)
Chain [3] Iteration:  8600 / 12500 [ 68%]  (Warmup)
Chain [3] Iteration:  8700 / 12500 [ 69%]  (Warmup)
Chain [3] Iteration:  8800 / 12500 [ 70%]  (Warmup)
Chain [3] Iteration:  8900 / 12500 [ 71%]  (Warmup)
Chain [3] Iteration:  9000 / 12500 [ 72%]  (Warmup)
Chain [3] Iteration:  9100 / 12500 [ 72%]  (Warmup)
Chain [3] Iteration:  9200 / 12500 [ 73%]  (Warmup)
Chain [3] Iteration:  9300 / 12500 [ 74%]  (Warmup)
Chain [3] Iteration:  9400 / 12500 [ 75%]  (Warmup)
Chain [3] Iteration:  9500 / 12500 [ 76%]  (Warmup)
Chain [3] Iteration:  9600 / 12500 [ 76%]  (Warmup)
Chain [3] Iteration:  9700 / 12500 [ 77%]  (Warmup)
Chain [3] Iteration:  9800 / 12500 [ 78%]  (Warmup)
Chain [3] Iteration:  9900 / 12500 [ 79%]  (Warmup)
Chain [3] Iteration: 10000 / 12500 [ 80%]  (Warmup)
Chain [3] Iteration: 10001 / 12500 [ 80%]  (Sampling)
Chain [3] Iteration: 10100 / 12500 [ 80%]  (Sampling)
Chain [3] Iteration: 10200 / 12500 [ 81%]  (Sampling)
Chain [3] Iteration: 10300 / 12500 [ 82%]  (Sampling)
Chain [3] Iteration: 10400 / 12500 [ 83%]  (Sampling)
Chain [3] Iteration: 10500 / 12500 [ 84%]  (Sampling)
Chain [3] Iteration: 10600 / 12500 [ 84%]  (Sampling)
Chain [3] Iteration: 10700 / 12500 [ 85%]  (Sampling)
Chain [3] Iteration: 10800 / 12500 [ 86%]  (Sampling)
Chain [3] Iteration: 10900 / 12500 [ 87%]  (Sampling)
Chain [3] Iteration: 11000 / 12500 [ 88%]  (Sampling)
Chain [3] Iteration: 11100 / 12500 [ 88%]  (Sampling)
Chain [3] Iteration: 11200 / 12500 [ 89%]  (Sampling)
Chain [3] Iteration: 11300 / 12500 [ 90%]  (Sampling)
Chain [3] Iteration: 11400 / 12500 [ 91%]  (Sampling)
Chain [3] Iteration: 11500 / 12500 [ 92%]  (Sampling)
Chain [3] Iteration: 11600 / 12500 [ 92%]  (Sampling)
Chain [3] Iteration: 11700 / 12500 [ 93%]  (Sampling)
Chain [3] Iteration: 11800 / 12500 [ 94%]  (Sampling)
Chain [3] Iteration: 11900 / 12500 [ 95%]  (Sampling)
Chain [3] Iteration: 12000 / 12500 [ 96%]  (Sampling)
Chain [3] Iteration: 12100 / 12500 [ 96%]  (Sampling)
Chain [3] Iteration: 12200 / 12500 [ 97%]  (Sampling)
Chain [3] Iteration: 12300 / 12500 [ 98%]  (Sampling)
Chain [3] Iteration: 12400 / 12500 [ 99%]  (Sampling)
Chain [3] Iteration: 12500 / 12500 [100%]  (Sampling)

 Elapsed Time: 0.101 seconds (Warm-up)
               0.062 seconds (Sampling)
               0.163 seconds (Total)

Chain [4] Iteration:     1 / 12500 [  0%]  (Warmup)
Chain [4] Iteration:   100 / 12500 [  0%]  (Warmup)
Chain [4] Iteration:   200 / 12500 [  1%]  (Warmup)
Chain [4] Iteration:   300 / 12500 [  2%]  (Warmup)
Chain [4] Iteration:   400 / 12500 [  3%]  (Warmup)
Chain [4] Iteration:   500 / 12500 [  4%]  (Warmup)
Chain [4] Iteration:   600 / 12500 [  4%]  (Warmup)
Chain [4] Iteration:   700 / 12500 [  5%]  (Warmup)
Chain [4] Iteration:   800 / 12500 [  6%]  (Warmup)
Chain [4] Iteration:   900 / 12500 [  7%]  (Warmup)
Chain [4] Iteration:  1000 / 12500 [  8%]  (Warmup)
Chain [4] Iteration:  1100 / 12500 [  8%]  (Warmup)
Chain [4] Iteration:  1200 / 12500 [  9%]  (Warmup)
Chain [4] Iteration:  1300 / 12500 [ 10%]  (Warmup)
Chain [4] Iteration:  1400 / 12500 [ 11%]  (Warmup)
Chain [4] Iteration:  1500 / 12500 [ 12%]  (Warmup)
Chain [4] Iteration:  1600 / 12500 [ 12%]  (Warmup)
Chain [4] Iteration:  1700 / 12500 [ 13%]  (Warmup)
Chain [4] Iteration:  1800 / 12500 [ 14%]  (Warmup)
Chain [4] Iteration:  1900 / 12500 [ 15%]  (Warmup)
Chain [4] Iteration:  2000 / 12500 [ 16%]  (Warmup)
Chain [4] Iteration:  2100 / 12500 [ 16%]  (Warmup)
Chain [4] Iteration:  2200 / 12500 [ 17%]  (Warmup)
Chain [4] Iteration:  2300 / 12500 [ 18%]  (Warmup)
Chain [4] Iteration:  2400 / 12500 [ 19%]  (Warmup)
Chain [4] Iteration:  2500 / 12500 [ 20%]  (Warmup)
Chain [4] Iteration:  2600 / 12500 [ 20%]  (Warmup)
Chain [4] Iteration:  2700 / 12500 [ 21%]  (Warmup)
Chain [4] Iteration:  2800 / 12500 [ 22%]  (Warmup)
Chain [4] Iteration:  2900 / 12500 [ 23%]  (Warmup)
Chain [4] Iteration:  3000 / 12500 [ 24%]  (Warmup)
Chain [4] Iteration:  3100 / 12500 [ 24%]  (Warmup)
Chain [4] Iteration:  3200 / 12500 [ 25%]  (Warmup)
Chain [4] Iteration:  3300 / 12500 [ 26%]  (Warmup)
Chain [4] Iteration:  3400 / 12500 [ 27%]  (Warmup)
Chain [4] Iteration:  3500 / 12500 [ 28%]  (Warmup)
Chain [4] Iteration:  3600 / 12500 [ 28%]  (Warmup)
Chain [4] Iteration:  3700 / 12500 [ 29%]  (Warmup)
Chain [4] Iteration:  3800 / 12500 [ 30%]  (Warmup)
Chain [4] Iteration:  3900 / 12500 [ 31%]  (Warmup)
Chain [4] Iteration:  4000 / 12500 [ 32%]  (Warmup)
Chain [4] Iteration:  4100 / 12500 [ 32%]  (Warmup)
Chain [4] Iteration:  4200 / 12500 [ 33%]  (Warmup)
Chain [4] Iteration:  4300 / 12500 [ 34%]  (Warmup)
Chain [4] Iteration:  4400 / 12500 [ 35%]  (Warmup)
Chain [4] Iteration:  4500 / 12500 [ 36%]  (Warmup)
Chain [4] Iteration:  4600 / 12500 [ 36%]  (Warmup)
Chain [4] Iteration:  4700 / 12500 [ 37%]  (Warmup)
Chain [4] Iteration:  4800 / 12500 [ 38%]  (Warmup)
Chain [4] Iteration:  4900 / 12500 [ 39%]  (Warmup)
Chain [4] Iteration:  5000 / 12500 [ 40%]  (Warmup)
Chain [4] Iteration:  5100 / 12500 [ 40%]  (Warmup)
Chain [4] Iteration:  5200 / 12500 [ 41%]  (Warmup)
Chain [4] Iteration:  5300 / 12500 [ 42%]  (Warmup)
Chain [4] Iteration:  5400 / 12500 [ 43%]  (Warmup)
Chain [4] Iteration:  5500 / 12500 [ 44%]  (Warmup)
Chain [4] Iteration:  5600 / 12500 [ 44%]  (Warmup)
Chain [4] Iteration:  5700 / 12500 [ 45%]  (Warmup)
Chain [4] Iteration:  5800 / 12500 [ 46%]  (Warmup)
Chain [4] Iteration:  5900 / 12500 [ 47%]  (Warmup)
Chain [4] Iteration:  6000 / 12500 [ 48%]  (Warmup)
Chain [4] Iteration:  6100 / 12500 [ 48%]  (Warmup)
Chain [4] Iteration:  6200 / 12500 [ 49%]  (Warmup)
Chain [4] Iteration:  6300 / 12500 [ 50%]  (Warmup)
Chain [4] Iteration:  6400 / 12500 [ 51%]  (Warmup)
Chain [4] Iteration:  6500 / 12500 [ 52%]  (Warmup)
Chain [4] Iteration:  6600 / 12500 [ 52%]  (Warmup)
Chain [4] Iteration:  6700 / 12500 [ 53%]  (Warmup)
Chain [4] Iteration:  6800 / 12500 [ 54%]  (Warmup)
Chain [4] Iteration:  6900 / 12500 [ 55%]  (Warmup)
Chain [4] Iteration:  7000 / 12500 [ 56%]  (Warmup)
Chain [4] Iteration:  7100 / 12500 [ 56%]  (Warmup)
Chain [4] Iteration:  7200 / 12500 [ 57%]  (Warmup)
Chain [4] Iteration:  7300 / 12500 [ 58%]  (Warmup)
Chain [4] Iteration:  7400 / 12500 [ 59%]  (Warmup)
Chain [4] Iteration:  7500 / 12500 [ 60%]  (Warmup)
Chain [4] Iteration:  7600 / 12500 [ 60%]  (Warmup)
Chain [4] Iteration:  7700 / 12500 [ 61%]  (Warmup)
Chain [4] Iteration:  7800 / 12500 [ 62%]  (Warmup)
Chain [4] Iteration:  7900 / 12500 [ 63%]  (Warmup)
Chain [4] Iteration:  8000 / 12500 [ 64%]  (Warmup)
Chain [4] Iteration:  8100 / 12500 [ 64%]  (Warmup)
Chain [4] Iteration:  8200 / 12500 [ 65%]  (Warmup)
Chain [4] Iteration:  8300 / 12500 [ 66%]  (Warmup)
Chain [4] Iteration:  8400 / 12500 [ 67%]  (Warmup)
Chain [4] Iteration:  8500 / 12500 [ 68%]  (Warmup)
Chain [4] Iteration:  8600 / 12500 [ 68%]  (Warmup)
Chain [4] Iteration:  8700 / 12500 [ 69%]  (Warmup)
Chain [4] Iteration:  8800 / 12500 [ 70%]  (Warmup)
Chain [4] Iteration:  8900 / 12500 [ 71%]  (Warmup)
Chain [4] Iteration:  9000 / 12500 [ 72%]  (Warmup)
Chain [4] Iteration:  9100 / 12500 [ 72%]  (Warmup)
Chain [4] Iteration:  9200 / 12500 [ 73%]  (Warmup)
Chain [4] Iteration:  9300 / 12500 [ 74%]  (Warmup)
Chain [4] Iteration:  9400 / 12500 [ 75%]  (Warmup)
Chain [4] Iteration:  9500 / 12500 [ 76%]  (Warmup)
Chain [4] Iteration:  9600 / 12500 [ 76%]  (Warmup)
Chain [4] Iteration:  9700 / 12500 [ 77%]  (Warmup)
Chain [4] Iteration:  9800 / 12500 [ 78%]  (Warmup)
Chain [4] Iteration:  9900 / 12500 [ 79%]  (Warmup)
Chain [4] Iteration: 10000 / 12500 [ 80%]  (Warmup)
Chain [4] Iteration: 10001 / 12500 [ 80%]  (Sampling)
Chain [4] Iteration: 10100 / 12500 [ 80%]  (Sampling)
Chain [4] Iteration: 10200 / 12500 [ 81%]  (Sampling)
Chain [4] Iteration: 10300 / 12500 [ 82%]  (Sampling)
Chain [4] Iteration: 10400 / 12500 [ 83%]  (Sampling)
Chain [4] Iteration: 10500 / 12500 [ 84%]  (Sampling)
Chain [4] Iteration: 10600 / 12500 [ 84%]  (Sampling)
Chain [4] Iteration: 10700 / 12500 [ 85%]  (Sampling)
Chain [4] Iteration: 10800 / 12500 [ 86%]  (Sampling)
Chain [4] Iteration: 10900 / 12500 [ 87%]  (Sampling)
Chain [4] Iteration: 11000 / 12500 [ 88%]  (Sampling)
Chain [4] Iteration: 11100 / 12500 [ 88%]  (Sampling)
Chain [4] Iteration: 11200 / 12500 [ 89%]  (Sampling)
Chain [4] Iteration: 11300 / 12500 [ 90%]  (Sampling)
Chain [4] Iteration: 11400 / 12500 [ 91%]  (Sampling)
Chain [4] Iteration: 11500 / 12500 [ 92%]  (Sampling)
Chain [4] Iteration: 11600 / 12500 [ 92%]  (Sampling)
Chain [4] Iteration: 11700 / 12500 [ 93%]  (Sampling)
Chain [4] Iteration: 11800 / 12500 [ 94%]  (Sampling)
Chain [4] Iteration: 11900 / 12500 [ 95%]  (Sampling)
Chain [4] Iteration: 12000 / 12500 [ 96%]  (Sampling)
Chain [4] Iteration: 12100 / 12500 [ 96%]  (Sampling)
Chain [4] Iteration: 12200 / 12500 [ 97%]  (Sampling)
Chain [4] Iteration: 12300 / 12500 [ 98%]  (Sampling)
Chain [4] Iteration: 12400 / 12500 [ 99%]  (Sampling)
Chain [4] Iteration: 12500 / 12500 [100%]  (Sampling)

 Elapsed Time: 0.1 seconds (Warm-up)
               0.061 seconds (Sampling)
               0.161 seconds (Total)

