method = sample (Default)
  sample
    num_samples = 250
    num_warmup = 10000
    save_warmup = 0 (Default)
    thin = 1 (Default)
    adapt
      engaged = 1 (Default)
      gamma = 0.050000000000000003 (Default)
      delta = 0.80000000000000004 (Default)
      kappa = 0.75 (Default)
      t0 = 10 (Default)
      init_buffer = 75 (Default)
      term_buffer = 50 (Default)
      window = 25 (Default)
    algorithm = hmc (Default)
      hmc
        engine = nuts (Default)
          nuts
            max_depth = 10 (Default)
        metric = diag_e (Default)
        metric_file =  (Default)
        stepsize = 1 (Default)
        stepsize_jitter = 0 (Default)
    num_chains = 4
id = 1 (Default)
data
  file = /Users/ddifrancesco/Github/IMAC_XLII/tmp/Kmat_data_1.json
init = 2 (Default)
random
  seed = 4207215578 (Default)
output
  file = /Users/ddifrancesco/Github/IMAC_XLII/tmp/Kmat_chain.csv
  diagnostic_file =  (Default)
  refresh = 100 (Default)
  sig_figs = 6
  profile_file = profile.csv (Default)
num_threads = 1 (Default)


Gradient evaluation took 1.4e-05 seconds
1000 transitions using 10 leapfrog steps per transition would take 0.14 seconds.
Adjust your expectations accordingly!



Gradient evaluation took 1e-06 seconds
1000 transitions using 10 leapfrog steps per transition would take 0.01 seconds.
Adjust your expectations accordingly!



Gradient evaluation took 1e-06 seconds
1000 transitions using 10 leapfrog steps per transition would take 0.01 seconds.
Adjust your expectations accordingly!



Gradient evaluation took 1e-06 seconds
1000 transitions using 10 leapfrog steps per transition would take 0.01 seconds.
Adjust your expectations accordingly!


Chain [1] Iteration:     1 / 10250 [  0%]  (Warmup)
Chain [1] Iteration:   100 / 10250 [  0%]  (Warmup)
Chain [1] Iteration:   200 / 10250 [  1%]  (Warmup)
Chain [1] Iteration:   300 / 10250 [  2%]  (Warmup)
Chain [1] Iteration:   400 / 10250 [  3%]  (Warmup)
Chain [1] Iteration:   500 / 10250 [  4%]  (Warmup)
Chain [1] Iteration:   600 / 10250 [  5%]  (Warmup)
Chain [1] Iteration:   700 / 10250 [  6%]  (Warmup)
Chain [1] Iteration:   800 / 10250 [  7%]  (Warmup)
Chain [1] Iteration:   900 / 10250 [  8%]  (Warmup)
Chain [1] Iteration:  1000 / 10250 [  9%]  (Warmup)
Chain [1] Iteration:  1100 / 10250 [ 10%]  (Warmup)
Chain [1] Iteration:  1200 / 10250 [ 11%]  (Warmup)
Chain [1] Iteration:  1300 / 10250 [ 12%]  (Warmup)
Chain [1] Iteration:  1400 / 10250 [ 13%]  (Warmup)
Chain [1] Iteration:  1500 / 10250 [ 14%]  (Warmup)
Chain [1] Iteration:  1600 / 10250 [ 15%]  (Warmup)
Chain [1] Iteration:  1700 / 10250 [ 16%]  (Warmup)
Chain [1] Iteration:  1800 / 10250 [ 17%]  (Warmup)
Chain [1] Iteration:  1900 / 10250 [ 18%]  (Warmup)
Chain [1] Iteration:  2000 / 10250 [ 19%]  (Warmup)
Chain [1] Iteration:  2100 / 10250 [ 20%]  (Warmup)
Chain [1] Iteration:  2200 / 10250 [ 21%]  (Warmup)
Chain [1] Iteration:  2300 / 10250 [ 22%]  (Warmup)
Chain [1] Iteration:  2400 / 10250 [ 23%]  (Warmup)
Chain [1] Iteration:  2500 / 10250 [ 24%]  (Warmup)
Chain [1] Iteration:  2600 / 10250 [ 25%]  (Warmup)
Chain [1] Iteration:  2700 / 10250 [ 26%]  (Warmup)
Chain [1] Iteration:  2800 / 10250 [ 27%]  (Warmup)
Chain [1] Iteration:  2900 / 10250 [ 28%]  (Warmup)
Chain [1] Iteration:  3000 / 10250 [ 29%]  (Warmup)
Chain [1] Iteration:  3100 / 10250 [ 30%]  (Warmup)
Chain [1] Iteration:  3200 / 10250 [ 31%]  (Warmup)
Chain [1] Iteration:  3300 / 10250 [ 32%]  (Warmup)
Chain [1] Iteration:  3400 / 10250 [ 33%]  (Warmup)
Chain [1] Iteration:  3500 / 10250 [ 34%]  (Warmup)
Chain [1] Iteration:  3600 / 10250 [ 35%]  (Warmup)
Chain [1] Iteration:  3700 / 10250 [ 36%]  (Warmup)
Chain [1] Iteration:  3800 / 10250 [ 37%]  (Warmup)
Chain [1] Iteration:  3900 / 10250 [ 38%]  (Warmup)
Chain [1] Iteration:  4000 / 10250 [ 39%]  (Warmup)
Chain [1] Iteration:  4100 / 10250 [ 40%]  (Warmup)
Chain [1] Iteration:  4200 / 10250 [ 40%]  (Warmup)
Chain [1] Iteration:  4300 / 10250 [ 41%]  (Warmup)
Chain [1] Iteration:  4400 / 10250 [ 42%]  (Warmup)
Chain [1] Iteration:  4500 / 10250 [ 43%]  (Warmup)
Chain [1] Iteration:  4600 / 10250 [ 44%]  (Warmup)
Chain [1] Iteration:  4700 / 10250 [ 45%]  (Warmup)
Chain [1] Iteration:  4800 / 10250 [ 46%]  (Warmup)
Chain [1] Iteration:  4900 / 10250 [ 47%]  (Warmup)
Chain [1] Iteration:  5000 / 10250 [ 48%]  (Warmup)
Chain [1] Iteration:  5100 / 10250 [ 49%]  (Warmup)
Chain [1] Iteration:  5200 / 10250 [ 50%]  (Warmup)
Chain [1] Iteration:  5300 / 10250 [ 51%]  (Warmup)
Chain [1] Iteration:  5400 / 10250 [ 52%]  (Warmup)
Chain [1] Iteration:  5500 / 10250 [ 53%]  (Warmup)
Chain [1] Iteration:  5600 / 10250 [ 54%]  (Warmup)
Chain [1] Iteration:  5700 / 10250 [ 55%]  (Warmup)
Chain [1] Iteration:  5800 / 10250 [ 56%]  (Warmup)
Chain [1] Iteration:  5900 / 10250 [ 57%]  (Warmup)
Chain [1] Iteration:  6000 / 10250 [ 58%]  (Warmup)
Chain [1] Iteration:  6100 / 10250 [ 59%]  (Warmup)
Chain [1] Iteration:  6200 / 10250 [ 60%]  (Warmup)
Chain [1] Iteration:  6300 / 10250 [ 61%]  (Warmup)
Chain [1] Iteration:  6400 / 10250 [ 62%]  (Warmup)
Chain [1] Iteration:  6500 / 10250 [ 63%]  (Warmup)
Chain [1] Iteration:  6600 / 10250 [ 64%]  (Warmup)
Chain [1] Iteration:  6700 / 10250 [ 65%]  (Warmup)
Chain [1] Iteration:  6800 / 10250 [ 66%]  (Warmup)
Chain [1] Iteration:  6900 / 10250 [ 67%]  (Warmup)
Chain [1] Iteration:  7000 / 10250 [ 68%]  (Warmup)
Chain [1] Iteration:  7100 / 10250 [ 69%]  (Warmup)
Chain [1] Iteration:  7200 / 10250 [ 70%]  (Warmup)
Chain [1] Iteration:  7300 / 10250 [ 71%]  (Warmup)
Chain [1] Iteration:  7400 / 10250 [ 72%]  (Warmup)
Chain [1] Iteration:  7500 / 10250 [ 73%]  (Warmup)
Chain [1] Iteration:  7600 / 10250 [ 74%]  (Warmup)
Chain [1] Iteration:  7700 / 10250 [ 75%]  (Warmup)
Chain [1] Iteration:  7800 / 10250 [ 76%]  (Warmup)
Chain [1] Iteration:  7900 / 10250 [ 77%]  (Warmup)
Chain [1] Iteration:  8000 / 10250 [ 78%]  (Warmup)
Chain [1] Iteration:  8100 / 10250 [ 79%]  (Warmup)
Chain [1] Iteration:  8200 / 10250 [ 80%]  (Warmup)
Chain [1] Iteration:  8300 / 10250 [ 80%]  (Warmup)
Chain [1] Iteration:  8400 / 10250 [ 81%]  (Warmup)
Chain [1] Iteration:  8500 / 10250 [ 82%]  (Warmup)
Chain [1] Iteration:  8600 / 10250 [ 83%]  (Warmup)
Chain [1] Iteration:  8700 / 10250 [ 84%]  (Warmup)
Chain [1] Iteration:  8800 / 10250 [ 85%]  (Warmup)
Chain [1] Iteration:  8900 / 10250 [ 86%]  (Warmup)
Chain [1] Iteration:  9000 / 10250 [ 87%]  (Warmup)
Chain [1] Iteration:  9100 / 10250 [ 88%]  (Warmup)
Chain [1] Iteration:  9200 / 10250 [ 89%]  (Warmup)
Chain [1] Iteration:  9300 / 10250 [ 90%]  (Warmup)
Chain [1] Iteration:  9400 / 10250 [ 91%]  (Warmup)
Chain [1] Iteration:  9500 / 10250 [ 92%]  (Warmup)
Chain [1] Iteration:  9600 / 10250 [ 93%]  (Warmup)
Chain [1] Iteration:  9700 / 10250 [ 94%]  (Warmup)
Chain [1] Iteration:  9800 / 10250 [ 95%]  (Warmup)
Chain [1] Iteration:  9900 / 10250 [ 96%]  (Warmup)
Chain [1] Iteration: 10000 / 10250 [ 97%]  (Warmup)
Chain [1] Iteration: 10001 / 10250 [ 97%]  (Sampling)
Chain [1] Iteration: 10100 / 10250 [ 98%]  (Sampling)
Chain [1] Iteration: 10200 / 10250 [ 99%]  (Sampling)
Chain [1] Iteration: 10250 / 10250 [100%]  (Sampling)

 Elapsed Time: 0.107 seconds (Warm-up)
               0.006 seconds (Sampling)
               0.113 seconds (Total)

Chain [2] Iteration:     1 / 10250 [  0%]  (Warmup)
Chain [2] Iteration:   100 / 10250 [  0%]  (Warmup)
Chain [2] Iteration:   200 / 10250 [  1%]  (Warmup)
Chain [2] Iteration:   300 / 10250 [  2%]  (Warmup)
Chain [2] Iteration:   400 / 10250 [  3%]  (Warmup)
Chain [2] Iteration:   500 / 10250 [  4%]  (Warmup)
Chain [2] Iteration:   600 / 10250 [  5%]  (Warmup)
Chain [2] Iteration:   700 / 10250 [  6%]  (Warmup)
Chain [2] Iteration:   800 / 10250 [  7%]  (Warmup)
Chain [2] Iteration:   900 / 10250 [  8%]  (Warmup)
Chain [2] Iteration:  1000 / 10250 [  9%]  (Warmup)
Chain [2] Iteration:  1100 / 10250 [ 10%]  (Warmup)
Chain [2] Iteration:  1200 / 10250 [ 11%]  (Warmup)
Chain [2] Iteration:  1300 / 10250 [ 12%]  (Warmup)
Chain [2] Iteration:  1400 / 10250 [ 13%]  (Warmup)
Chain [2] Iteration:  1500 / 10250 [ 14%]  (Warmup)
Chain [2] Iteration:  1600 / 10250 [ 15%]  (Warmup)
Chain [2] Iteration:  1700 / 10250 [ 16%]  (Warmup)
Chain [2] Iteration:  1800 / 10250 [ 17%]  (Warmup)
Chain [2] Iteration:  1900 / 10250 [ 18%]  (Warmup)
Chain [2] Iteration:  2000 / 10250 [ 19%]  (Warmup)
Chain [2] Iteration:  2100 / 10250 [ 20%]  (Warmup)
Chain [2] Iteration:  2200 / 10250 [ 21%]  (Warmup)
Chain [2] Iteration:  2300 / 10250 [ 22%]  (Warmup)
Chain [2] Iteration:  2400 / 10250 [ 23%]  (Warmup)
Chain [2] Iteration:  2500 / 10250 [ 24%]  (Warmup)
Chain [2] Iteration:  2600 / 10250 [ 25%]  (Warmup)
Chain [2] Iteration:  2700 / 10250 [ 26%]  (Warmup)
Chain [2] Iteration:  2800 / 10250 [ 27%]  (Warmup)
Chain [2] Iteration:  2900 / 10250 [ 28%]  (Warmup)
Chain [2] Iteration:  3000 / 10250 [ 29%]  (Warmup)
Chain [2] Iteration:  3100 / 10250 [ 30%]  (Warmup)
Chain [2] Iteration:  3200 / 10250 [ 31%]  (Warmup)
Chain [2] Iteration:  3300 / 10250 [ 32%]  (Warmup)
Chain [2] Iteration:  3400 / 10250 [ 33%]  (Warmup)
Chain [2] Iteration:  3500 / 10250 [ 34%]  (Warmup)
Chain [2] Iteration:  3600 / 10250 [ 35%]  (Warmup)
Chain [2] Iteration:  3700 / 10250 [ 36%]  (Warmup)
Chain [2] Iteration:  3800 / 10250 [ 37%]  (Warmup)
Chain [2] Iteration:  3900 / 10250 [ 38%]  (Warmup)
Chain [2] Iteration:  4000 / 10250 [ 39%]  (Warmup)
Chain [2] Iteration:  4100 / 10250 [ 40%]  (Warmup)
Chain [2] Iteration:  4200 / 10250 [ 40%]  (Warmup)
Chain [2] Iteration:  4300 / 10250 [ 41%]  (Warmup)
Chain [2] Iteration:  4400 / 10250 [ 42%]  (Warmup)
Chain [2] Iteration:  4500 / 10250 [ 43%]  (Warmup)
Chain [2] Iteration:  4600 / 10250 [ 44%]  (Warmup)
Chain [2] Iteration:  4700 / 10250 [ 45%]  (Warmup)
Chain [2] Iteration:  4800 / 10250 [ 46%]  (Warmup)
Chain [2] Iteration:  4900 / 10250 [ 47%]  (Warmup)
Chain [2] Iteration:  5000 / 10250 [ 48%]  (Warmup)
Chain [2] Iteration:  5100 / 10250 [ 49%]  (Warmup)
Chain [2] Iteration:  5200 / 10250 [ 50%]  (Warmup)
Chain [2] Iteration:  5300 / 10250 [ 51%]  (Warmup)
Chain [2] Iteration:  5400 / 10250 [ 52%]  (Warmup)
Chain [2] Iteration:  5500 / 10250 [ 53%]  (Warmup)
Chain [2] Iteration:  5600 / 10250 [ 54%]  (Warmup)
Chain [2] Iteration:  5700 / 10250 [ 55%]  (Warmup)
Chain [2] Iteration:  5800 / 10250 [ 56%]  (Warmup)
Chain [2] Iteration:  5900 / 10250 [ 57%]  (Warmup)
Chain [2] Iteration:  6000 / 10250 [ 58%]  (Warmup)
Chain [2] Iteration:  6100 / 10250 [ 59%]  (Warmup)
Chain [2] Iteration:  6200 / 10250 [ 60%]  (Warmup)
Chain [2] Iteration:  6300 / 10250 [ 61%]  (Warmup)
Chain [2] Iteration:  6400 / 10250 [ 62%]  (Warmup)
Chain [2] Iteration:  6500 / 10250 [ 63%]  (Warmup)
Chain [2] Iteration:  6600 / 10250 [ 64%]  (Warmup)
Chain [2] Iteration:  6700 / 10250 [ 65%]  (Warmup)
Chain [2] Iteration:  6800 / 10250 [ 66%]  (Warmup)
Chain [2] Iteration:  6900 / 10250 [ 67%]  (Warmup)
Chain [2] Iteration:  7000 / 10250 [ 68%]  (Warmup)
Chain [2] Iteration:  7100 / 10250 [ 69%]  (Warmup)
Chain [2] Iteration:  7200 / 10250 [ 70%]  (Warmup)
Chain [2] Iteration:  7300 / 10250 [ 71%]  (Warmup)
Chain [2] Iteration:  7400 / 10250 [ 72%]  (Warmup)
Chain [2] Iteration:  7500 / 10250 [ 73%]  (Warmup)
Chain [2] Iteration:  7600 / 10250 [ 74%]  (Warmup)
Chain [2] Iteration:  7700 / 10250 [ 75%]  (Warmup)
Chain [2] Iteration:  7800 / 10250 [ 76%]  (Warmup)
Chain [2] Iteration:  7900 / 10250 [ 77%]  (Warmup)
Chain [2] Iteration:  8000 / 10250 [ 78%]  (Warmup)
Chain [2] Iteration:  8100 / 10250 [ 79%]  (Warmup)
Chain [2] Iteration:  8200 / 10250 [ 80%]  (Warmup)
Chain [2] Iteration:  8300 / 10250 [ 80%]  (Warmup)
Chain [2] Iteration:  8400 / 10250 [ 81%]  (Warmup)
Chain [2] Iteration:  8500 / 10250 [ 82%]  (Warmup)
Chain [2] Iteration:  8600 / 10250 [ 83%]  (Warmup)
Chain [2] Iteration:  8700 / 10250 [ 84%]  (Warmup)
Chain [2] Iteration:  8800 / 10250 [ 85%]  (Warmup)
Chain [2] Iteration:  8900 / 10250 [ 86%]  (Warmup)
Chain [2] Iteration:  9000 / 10250 [ 87%]  (Warmup)
Chain [2] Iteration:  9100 / 10250 [ 88%]  (Warmup)
Chain [2] Iteration:  9200 / 10250 [ 89%]  (Warmup)
Chain [2] Iteration:  9300 / 10250 [ 90%]  (Warmup)
Chain [2] Iteration:  9400 / 10250 [ 91%]  (Warmup)
Chain [2] Iteration:  9500 / 10250 [ 92%]  (Warmup)
Chain [2] Iteration:  9600 / 10250 [ 93%]  (Warmup)
Chain [2] Iteration:  9700 / 10250 [ 94%]  (Warmup)
Chain [2] Iteration:  9800 / 10250 [ 95%]  (Warmup)
Chain [2] Iteration:  9900 / 10250 [ 96%]  (Warmup)
Chain [2] Iteration: 10000 / 10250 [ 97%]  (Warmup)
Chain [2] Iteration: 10001 / 10250 [ 97%]  (Sampling)
Chain [2] Iteration: 10100 / 10250 [ 98%]  (Sampling)
Chain [2] Iteration: 10200 / 10250 [ 99%]  (Sampling)
Chain [2] Iteration: 10250 / 10250 [100%]  (Sampling)

 Elapsed Time: 0.108 seconds (Warm-up)
               0.006 seconds (Sampling)
               0.114 seconds (Total)

Chain [3] Iteration:     1 / 10250 [  0%]  (Warmup)
Chain [3] Iteration:   100 / 10250 [  0%]  (Warmup)
Chain [3] Iteration:   200 / 10250 [  1%]  (Warmup)
Chain [3] Iteration:   300 / 10250 [  2%]  (Warmup)
Chain [3] Iteration:   400 / 10250 [  3%]  (Warmup)
Chain [3] Iteration:   500 / 10250 [  4%]  (Warmup)
Chain [3] Iteration:   600 / 10250 [  5%]  (Warmup)
Chain [3] Iteration:   700 / 10250 [  6%]  (Warmup)
Chain [3] Iteration:   800 / 10250 [  7%]  (Warmup)
Chain [3] Iteration:   900 / 10250 [  8%]  (Warmup)
Chain [3] Iteration:  1000 / 10250 [  9%]  (Warmup)
Chain [3] Iteration:  1100 / 10250 [ 10%]  (Warmup)
Chain [3] Iteration:  1200 / 10250 [ 11%]  (Warmup)
Chain [3] Iteration:  1300 / 10250 [ 12%]  (Warmup)
Chain [3] Iteration:  1400 / 10250 [ 13%]  (Warmup)
Chain [3] Iteration:  1500 / 10250 [ 14%]  (Warmup)
Chain [3] Iteration:  1600 / 10250 [ 15%]  (Warmup)
Chain [3] Iteration:  1700 / 10250 [ 16%]  (Warmup)
Chain [3] Iteration:  1800 / 10250 [ 17%]  (Warmup)
Chain [3] Iteration:  1900 / 10250 [ 18%]  (Warmup)
Chain [3] Iteration:  2000 / 10250 [ 19%]  (Warmup)
Chain [3] Iteration:  2100 / 10250 [ 20%]  (Warmup)
Chain [3] Iteration:  2200 / 10250 [ 21%]  (Warmup)
Chain [3] Iteration:  2300 / 10250 [ 22%]  (Warmup)
Chain [3] Iteration:  2400 / 10250 [ 23%]  (Warmup)
Chain [3] Iteration:  2500 / 10250 [ 24%]  (Warmup)
Chain [3] Iteration:  2600 / 10250 [ 25%]  (Warmup)
Chain [3] Iteration:  2700 / 10250 [ 26%]  (Warmup)
Chain [3] Iteration:  2800 / 10250 [ 27%]  (Warmup)
Chain [3] Iteration:  2900 / 10250 [ 28%]  (Warmup)
Chain [3] Iteration:  3000 / 10250 [ 29%]  (Warmup)
Chain [3] Iteration:  3100 / 10250 [ 30%]  (Warmup)
Chain [3] Iteration:  3200 / 10250 [ 31%]  (Warmup)
Chain [3] Iteration:  3300 / 10250 [ 32%]  (Warmup)
Chain [3] Iteration:  3400 / 10250 [ 33%]  (Warmup)
Chain [3] Iteration:  3500 / 10250 [ 34%]  (Warmup)
Chain [3] Iteration:  3600 / 10250 [ 35%]  (Warmup)
Chain [3] Iteration:  3700 / 10250 [ 36%]  (Warmup)
Chain [3] Iteration:  3800 / 10250 [ 37%]  (Warmup)
Chain [3] Iteration:  3900 / 10250 [ 38%]  (Warmup)
Chain [3] Iteration:  4000 / 10250 [ 39%]  (Warmup)
Chain [3] Iteration:  4100 / 10250 [ 40%]  (Warmup)
Chain [3] Iteration:  4200 / 10250 [ 40%]  (Warmup)
Chain [3] Iteration:  4300 / 10250 [ 41%]  (Warmup)
Chain [3] Iteration:  4400 / 10250 [ 42%]  (Warmup)
Chain [3] Iteration:  4500 / 10250 [ 43%]  (Warmup)
Chain [3] Iteration:  4600 / 10250 [ 44%]  (Warmup)
Chain [3] Iteration:  4700 / 10250 [ 45%]  (Warmup)
Chain [3] Iteration:  4800 / 10250 [ 46%]  (Warmup)
Chain [3] Iteration:  4900 / 10250 [ 47%]  (Warmup)
Chain [3] Iteration:  5000 / 10250 [ 48%]  (Warmup)
Chain [3] Iteration:  5100 / 10250 [ 49%]  (Warmup)
Chain [3] Iteration:  5200 / 10250 [ 50%]  (Warmup)
Chain [3] Iteration:  5300 / 10250 [ 51%]  (Warmup)
Chain [3] Iteration:  5400 / 10250 [ 52%]  (Warmup)
Chain [3] Iteration:  5500 / 10250 [ 53%]  (Warmup)
Chain [3] Iteration:  5600 / 10250 [ 54%]  (Warmup)
Chain [3] Iteration:  5700 / 10250 [ 55%]  (Warmup)
Chain [3] Iteration:  5800 / 10250 [ 56%]  (Warmup)
Chain [3] Iteration:  5900 / 10250 [ 57%]  (Warmup)
Chain [3] Iteration:  6000 / 10250 [ 58%]  (Warmup)
Chain [3] Iteration:  6100 / 10250 [ 59%]  (Warmup)
Chain [3] Iteration:  6200 / 10250 [ 60%]  (Warmup)
Chain [3] Iteration:  6300 / 10250 [ 61%]  (Warmup)
Chain [3] Iteration:  6400 / 10250 [ 62%]  (Warmup)
Chain [3] Iteration:  6500 / 10250 [ 63%]  (Warmup)
Chain [3] Iteration:  6600 / 10250 [ 64%]  (Warmup)
Chain [3] Iteration:  6700 / 10250 [ 65%]  (Warmup)
Chain [3] Iteration:  6800 / 10250 [ 66%]  (Warmup)
Chain [3] Iteration:  6900 / 10250 [ 67%]  (Warmup)
Chain [3] Iteration:  7000 / 10250 [ 68%]  (Warmup)
Chain [3] Iteration:  7100 / 10250 [ 69%]  (Warmup)
Chain [3] Iteration:  7200 / 10250 [ 70%]  (Warmup)
Chain [3] Iteration:  7300 / 10250 [ 71%]  (Warmup)
Chain [3] Iteration:  7400 / 10250 [ 72%]  (Warmup)
Chain [3] Iteration:  7500 / 10250 [ 73%]  (Warmup)
Chain [3] Iteration:  7600 / 10250 [ 74%]  (Warmup)
Chain [3] Iteration:  7700 / 10250 [ 75%]  (Warmup)
Chain [3] Iteration:  7800 / 10250 [ 76%]  (Warmup)
Chain [3] Iteration:  7900 / 10250 [ 77%]  (Warmup)
Chain [3] Iteration:  8000 / 10250 [ 78%]  (Warmup)
Chain [3] Iteration:  8100 / 10250 [ 79%]  (Warmup)
Chain [3] Iteration:  8200 / 10250 [ 80%]  (Warmup)
Chain [3] Iteration:  8300 / 10250 [ 80%]  (Warmup)
Chain [3] Iteration:  8400 / 10250 [ 81%]  (Warmup)
Chain [3] Iteration:  8500 / 10250 [ 82%]  (Warmup)
Chain [3] Iteration:  8600 / 10250 [ 83%]  (Warmup)
Chain [3] Iteration:  8700 / 10250 [ 84%]  (Warmup)
Chain [3] Iteration:  8800 / 10250 [ 85%]  (Warmup)
Chain [3] Iteration:  8900 / 10250 [ 86%]  (Warmup)
Chain [3] Iteration:  9000 / 10250 [ 87%]  (Warmup)
Chain [3] Iteration:  9100 / 10250 [ 88%]  (Warmup)
Chain [3] Iteration:  9200 / 10250 [ 89%]  (Warmup)
Chain [3] Iteration:  9300 / 10250 [ 90%]  (Warmup)
Chain [3] Iteration:  9400 / 10250 [ 91%]  (Warmup)
Chain [3] Iteration:  9500 / 10250 [ 92%]  (Warmup)
Chain [3] Iteration:  9600 / 10250 [ 93%]  (Warmup)
Chain [3] Iteration:  9700 / 10250 [ 94%]  (Warmup)
Chain [3] Iteration:  9800 / 10250 [ 95%]  (Warmup)
Chain [3] Iteration:  9900 / 10250 [ 96%]  (Warmup)
Chain [3] Iteration: 10000 / 10250 [ 97%]  (Warmup)
Chain [3] Iteration: 10001 / 10250 [ 97%]  (Sampling)
Chain [3] Iteration: 10100 / 10250 [ 98%]  (Sampling)
Chain [3] Iteration: 10200 / 10250 [ 99%]  (Sampling)
Chain [3] Iteration: 10250 / 10250 [100%]  (Sampling)

 Elapsed Time: 0.108 seconds (Warm-up)
               0.006 seconds (Sampling)
               0.114 seconds (Total)

Chain [4] Iteration:     1 / 10250 [  0%]  (Warmup)
Chain [4] Iteration:   100 / 10250 [  0%]  (Warmup)
Chain [4] Iteration:   200 / 10250 [  1%]  (Warmup)
Chain [4] Iteration:   300 / 10250 [  2%]  (Warmup)
Chain [4] Iteration:   400 / 10250 [  3%]  (Warmup)
Chain [4] Iteration:   500 / 10250 [  4%]  (Warmup)
Chain [4] Iteration:   600 / 10250 [  5%]  (Warmup)
Chain [4] Iteration:   700 / 10250 [  6%]  (Warmup)
Chain [4] Iteration:   800 / 10250 [  7%]  (Warmup)
Chain [4] Iteration:   900 / 10250 [  8%]  (Warmup)
Chain [4] Iteration:  1000 / 10250 [  9%]  (Warmup)
Chain [4] Iteration:  1100 / 10250 [ 10%]  (Warmup)
Chain [4] Iteration:  1200 / 10250 [ 11%]  (Warmup)
Chain [4] Iteration:  1300 / 10250 [ 12%]  (Warmup)
Chain [4] Iteration:  1400 / 10250 [ 13%]  (Warmup)
Chain [4] Iteration:  1500 / 10250 [ 14%]  (Warmup)
Chain [4] Iteration:  1600 / 10250 [ 15%]  (Warmup)
Chain [4] Iteration:  1700 / 10250 [ 16%]  (Warmup)
Chain [4] Iteration:  1800 / 10250 [ 17%]  (Warmup)
Chain [4] Iteration:  1900 / 10250 [ 18%]  (Warmup)
Chain [4] Iteration:  2000 / 10250 [ 19%]  (Warmup)
Chain [4] Iteration:  2100 / 10250 [ 20%]  (Warmup)
Chain [4] Iteration:  2200 / 10250 [ 21%]  (Warmup)
Chain [4] Iteration:  2300 / 10250 [ 22%]  (Warmup)
Chain [4] Iteration:  2400 / 10250 [ 23%]  (Warmup)
Chain [4] Iteration:  2500 / 10250 [ 24%]  (Warmup)
Chain [4] Iteration:  2600 / 10250 [ 25%]  (Warmup)
Chain [4] Iteration:  2700 / 10250 [ 26%]  (Warmup)
Chain [4] Iteration:  2800 / 10250 [ 27%]  (Warmup)
Chain [4] Iteration:  2900 / 10250 [ 28%]  (Warmup)
Chain [4] Iteration:  3000 / 10250 [ 29%]  (Warmup)
Chain [4] Iteration:  3100 / 10250 [ 30%]  (Warmup)
Chain [4] Iteration:  3200 / 10250 [ 31%]  (Warmup)
Chain [4] Iteration:  3300 / 10250 [ 32%]  (Warmup)
Chain [4] Iteration:  3400 / 10250 [ 33%]  (Warmup)
Chain [4] Iteration:  3500 / 10250 [ 34%]  (Warmup)
Chain [4] Iteration:  3600 / 10250 [ 35%]  (Warmup)
Chain [4] Iteration:  3700 / 10250 [ 36%]  (Warmup)
Chain [4] Iteration:  3800 / 10250 [ 37%]  (Warmup)
Chain [4] Iteration:  3900 / 10250 [ 38%]  (Warmup)
Chain [4] Iteration:  4000 / 10250 [ 39%]  (Warmup)
Chain [4] Iteration:  4100 / 10250 [ 40%]  (Warmup)
Chain [4] Iteration:  4200 / 10250 [ 40%]  (Warmup)
Chain [4] Iteration:  4300 / 10250 [ 41%]  (Warmup)
Chain [4] Iteration:  4400 / 10250 [ 42%]  (Warmup)
Chain [4] Iteration:  4500 / 10250 [ 43%]  (Warmup)
Chain [4] Iteration:  4600 / 10250 [ 44%]  (Warmup)
Chain [4] Iteration:  4700 / 10250 [ 45%]  (Warmup)
Chain [4] Iteration:  4800 / 10250 [ 46%]  (Warmup)
Chain [4] Iteration:  4900 / 10250 [ 47%]  (Warmup)
Chain [4] Iteration:  5000 / 10250 [ 48%]  (Warmup)
Chain [4] Iteration:  5100 / 10250 [ 49%]  (Warmup)
Chain [4] Iteration:  5200 / 10250 [ 50%]  (Warmup)
Chain [4] Iteration:  5300 / 10250 [ 51%]  (Warmup)
Chain [4] Iteration:  5400 / 10250 [ 52%]  (Warmup)
Chain [4] Iteration:  5500 / 10250 [ 53%]  (Warmup)
Chain [4] Iteration:  5600 / 10250 [ 54%]  (Warmup)
Chain [4] Iteration:  5700 / 10250 [ 55%]  (Warmup)
Chain [4] Iteration:  5800 / 10250 [ 56%]  (Warmup)
Chain [4] Iteration:  5900 / 10250 [ 57%]  (Warmup)
Chain [4] Iteration:  6000 / 10250 [ 58%]  (Warmup)
Chain [4] Iteration:  6100 / 10250 [ 59%]  (Warmup)
Chain [4] Iteration:  6200 / 10250 [ 60%]  (Warmup)
Chain [4] Iteration:  6300 / 10250 [ 61%]  (Warmup)
Chain [4] Iteration:  6400 / 10250 [ 62%]  (Warmup)
Chain [4] Iteration:  6500 / 10250 [ 63%]  (Warmup)
Chain [4] Iteration:  6600 / 10250 [ 64%]  (Warmup)
Chain [4] Iteration:  6700 / 10250 [ 65%]  (Warmup)
Chain [4] Iteration:  6800 / 10250 [ 66%]  (Warmup)
Chain [4] Iteration:  6900 / 10250 [ 67%]  (Warmup)
Chain [4] Iteration:  7000 / 10250 [ 68%]  (Warmup)
Chain [4] Iteration:  7100 / 10250 [ 69%]  (Warmup)
Chain [4] Iteration:  7200 / 10250 [ 70%]  (Warmup)
Chain [4] Iteration:  7300 / 10250 [ 71%]  (Warmup)
Chain [4] Iteration:  7400 / 10250 [ 72%]  (Warmup)
Chain [4] Iteration:  7500 / 10250 [ 73%]  (Warmup)
Chain [4] Iteration:  7600 / 10250 [ 74%]  (Warmup)
Chain [4] Iteration:  7700 / 10250 [ 75%]  (Warmup)
Chain [4] Iteration:  7800 / 10250 [ 76%]  (Warmup)
Chain [4] Iteration:  7900 / 10250 [ 77%]  (Warmup)
Chain [4] Iteration:  8000 / 10250 [ 78%]  (Warmup)
Chain [4] Iteration:  8100 / 10250 [ 79%]  (Warmup)
Chain [4] Iteration:  8200 / 10250 [ 80%]  (Warmup)
Chain [4] Iteration:  8300 / 10250 [ 80%]  (Warmup)
Chain [4] Iteration:  8400 / 10250 [ 81%]  (Warmup)
Chain [4] Iteration:  8500 / 10250 [ 82%]  (Warmup)
Chain [4] Iteration:  8600 / 10250 [ 83%]  (Warmup)
Chain [4] Iteration:  8700 / 10250 [ 84%]  (Warmup)
Chain [4] Iteration:  8800 / 10250 [ 85%]  (Warmup)
Chain [4] Iteration:  8900 / 10250 [ 86%]  (Warmup)
Chain [4] Iteration:  9000 / 10250 [ 87%]  (Warmup)
Chain [4] Iteration:  9100 / 10250 [ 88%]  (Warmup)
Chain [4] Iteration:  9200 / 10250 [ 89%]  (Warmup)
Chain [4] Iteration:  9300 / 10250 [ 90%]  (Warmup)
Chain [4] Iteration:  9400 / 10250 [ 91%]  (Warmup)
Chain [4] Iteration:  9500 / 10250 [ 92%]  (Warmup)
Chain [4] Iteration:  9600 / 10250 [ 93%]  (Warmup)
Chain [4] Iteration:  9700 / 10250 [ 94%]  (Warmup)
Chain [4] Iteration:  9800 / 10250 [ 95%]  (Warmup)
Chain [4] Iteration:  9900 / 10250 [ 96%]  (Warmup)
Chain [4] Iteration: 10000 / 10250 [ 97%]  (Warmup)
Chain [4] Iteration: 10001 / 10250 [ 97%]  (Sampling)
Chain [4] Iteration: 10100 / 10250 [ 98%]  (Sampling)
Chain [4] Iteration: 10200 / 10250 [ 99%]  (Sampling)
Chain [4] Iteration: 10250 / 10250 [100%]  (Sampling)

 Elapsed Time: 0.108 seconds (Warm-up)
               0.006 seconds (Sampling)
               0.114 seconds (Total)

