method = sample (Default)
  sample
    num_samples = 2500
    num_warmup = 10000
    save_warmup = 0 (Default)
    thin = 1 (Default)
    adapt
      engaged = 1 (Default)
      gamma = 0.050000000000000003 (Default)
      delta = 0.80000000000000004 (Default)
      kappa = 0.75 (Default)
      t0 = 10 (Default)
      init_buffer = 75 (Default)
      term_buffer = 50 (Default)
      window = 25 (Default)
    algorithm = hmc (Default)
      hmc
        engine = nuts (Default)
          nuts
            max_depth = 10 (Default)
        metric = diag_e (Default)
        metric_file =  (Default)
        stepsize = 1 (Default)
        stepsize_jitter = 0 (Default)
    num_chains = 4
id = 1 (Default)
data
  file = /Users/ddifrancesco/Github/IMAC_XLII/tmp/normal_data_1.json
init = 2 (Default)
random
  seed = 4166646498 (Default)
output
  file = /Users/ddifrancesco/Github/IMAC_XLII/tmp/normal_chain.csv
  diagnostic_file =  (Default)
  refresh = 100 (Default)
  sig_figs = 6
  profile_file = profile.csv (Default)
num_threads = 1 (Default)

